0 info it worked if it ends with ok
1 verbose cli [ '/Users/philip/.nvm/versions/node/v6.9.1/bin/node',
1 verbose cli   '/Users/philip/.nvm/versions/node/v6.9.1/bin/npm',
1 verbose cli   'run',
1 verbose cli   'start-importer' ]
2 info using npm@3.10.8
3 info using node@v6.9.1
4 verbose run-script [ 'prestart-importer', 'start-importer', 'poststart-importer' ]
5 info lifecycle storj-billing@0.2.0~prestart-importer: storj-billing@0.2.0
6 silly lifecycle storj-billing@0.2.0~prestart-importer: no script for prestart-importer, continuing
7 info lifecycle storj-billing@0.2.0~start-importer: storj-billing@0.2.0
8 verbose lifecycle storj-billing@0.2.0~start-importer: unsafe-perm in lifecycle true
9 verbose lifecycle storj-billing@0.2.0~start-importer: PATH: /Users/philip/.nvm/versions/node/v6.9.1/lib/node_modules/npm/bin/node-gyp-bin:/Users/philip/github/storj-sdk/billing/billing/node_modules/.bin:/Users/philip/.rvm/gems/ruby-2.3.1/bin:/Users/philip/.rvm/gems/ruby-2.3.1@global/bin:/Users/philip/.rvm/rubies/ruby-2.3.1/bin:/Users/philip/google-cloud-sdk/bin:/Users/philip/.nvm/versions/node/v6.9.1/bin:/Users/philip/aws/CloudWatch:/Users/philip/aws/AutoScaling:/usr/local/git/bin:/Users/philip/bin:/usr/local/bin:/Users/philip/Library/Python/2.7/bin:/usr/local/bin:/usr/bin:/bin:/usr/sbin:/sbin:/opt/X11/bin:/usr/local/go/bin:/usr/local/MacGPG2/bin:/Users/philip/.rvm/gems/ruby-2.3.1/bin:/Users/philip/.rvm/gems/ruby-2.3.1@global/bin:/Users/philip/.rvm/rubies/ruby-2.3.1/bin:/Users/philip/google-cloud-sdk/bin:/Users/philip/aws/CloudWatch:/Users/philip/aws/AutoScaling:/usr/local/git/bin:/Users/philip/bin:/Users/philip/Library/Python/2.7/bin:/Users/philip/go/bin:/Users/philip/android-sdk/tools:/Users/philip/android-sdk/platform-tools:/Users/philip/.rvm/bin:/Users/philip/go/bin:/Users/philip/android-sdk/tools:/Users/philip/android-sdk/platform-tools:/Users/philip/.rvm/bin:/Users/philip/.rvm/bin
10 verbose lifecycle storj-billing@0.2.0~start-importer: CWD: /Users/philip/github/storj-sdk/billing/billing
11 silly lifecycle storj-billing@0.2.0~start-importer: Args: [ '-c', 'NODE_ENV=production node ./bin/billing-queries.js' ]
12 silly lifecycle storj-billing@0.2.0~start-importer: Returned: code: 1  signal: null
13 info lifecycle storj-billing@0.2.0~start-importer: Failed to exec start-importer script
14 verbose stack Error: storj-billing@0.2.0 start-importer: `NODE_ENV=production node ./bin/billing-queries.js`
14 verbose stack Exit status 1
14 verbose stack     at EventEmitter.<anonymous> (/Users/philip/.nvm/versions/node/v6.9.1/lib/node_modules/npm/lib/utils/lifecycle.js:255:16)
14 verbose stack     at emitTwo (events.js:106:13)
14 verbose stack     at EventEmitter.emit (events.js:191:7)
14 verbose stack     at ChildProcess.<anonymous> (/Users/philip/.nvm/versions/node/v6.9.1/lib/node_modules/npm/lib/utils/spawn.js:40:14)
14 verbose stack     at emitTwo (events.js:106:13)
14 verbose stack     at ChildProcess.emit (events.js:191:7)
14 verbose stack     at maybeClose (internal/child_process.js:877:16)
14 verbose stack     at Process.ChildProcess._handle.onexit (internal/child_process.js:226:5)
15 verbose pkgid storj-billing@0.2.0
16 verbose cwd /Users/philip/github/storj-sdk/billing/billing
17 error Darwin 16.5.0
18 error argv "/Users/philip/.nvm/versions/node/v6.9.1/bin/node" "/Users/philip/.nvm/versions/node/v6.9.1/bin/npm" "run" "start-importer"
19 error node v6.9.1
20 error npm  v3.10.8
21 error code ELIFECYCLE
22 error storj-billing@0.2.0 start-importer: `NODE_ENV=production node ./bin/billing-queries.js`
22 error Exit status 1
23 error Failed at the storj-billing@0.2.0 start-importer script 'NODE_ENV=production node ./bin/billing-queries.js'.
23 error Make sure you have the latest version of node.js and npm installed.
23 error If you do, this is most likely a problem with the storj-billing package,
23 error not with npm itself.
23 error Tell the author that this fails on your system:
23 error     NODE_ENV=production node ./bin/billing-queries.js
23 error You can get information on how to open an issue for this project with:
23 error     npm bugs storj-billing
23 error Or if that isn't available, you can get their info via:
23 error     npm owner ls storj-billing
23 error There is likely additional logging output above.
24 verbose exit [ 1, true ]
